<?xml version="1.0" encoding="UTF-8"?>
<testsuite name="com.jojoldu.book.springboot.web.IndexControllerTest" tests="1" skipped="0" failures="0" errors="0" timestamp="2023-07-23T16:49:33" hostname="DESKTOP-MNAH8BK" time="0.25">
  <properties/>
  <testcase name="메인페이지_로딩" classname="com.jojoldu.book.springboot.web.IndexControllerTest" time="0.25"/>
  <system-out><![CDATA[2023-07-24 01:49:30.892  INFO 59072 --- [    Test worker] .b.t.c.SpringBootTestContextBootstrapper : Neither @ContextConfiguration nor @ContextHierarchy found for test class [com.jojoldu.book.springboot.web.IndexControllerTest], using SpringBootContextLoader
2023-07-24 01:49:30.893  INFO 59072 --- [    Test worker] o.s.t.c.support.AbstractContextLoader    : Could not detect default resource locations for test class [com.jojoldu.book.springboot.web.IndexControllerTest]: no resource found for suffixes {-context.xml, Context.groovy}.
2023-07-24 01:49:30.894  INFO 59072 --- [    Test worker] t.c.s.AnnotationConfigContextLoaderUtils : Could not detect default configuration classes for test class [com.jojoldu.book.springboot.web.IndexControllerTest]: IndexControllerTest does not declare any static, non-private, non-final, nested classes annotated with @Configuration.
2023-07-24 01:49:30.895  INFO 59072 --- [    Test worker] .b.t.c.SpringBootTestContextBootstrapper : Found @SpringBootConfiguration com.jojoldu.book.springboot.Application for test class com.jojoldu.book.springboot.web.IndexControllerTest
2023-07-24 01:49:30.897  INFO 59072 --- [    Test worker] .b.t.c.SpringBootTestContextBootstrapper : Loaded default TestExecutionListener class names from location [META-INF/spring.factories]: [org.springframework.security.test.context.support.WithSecurityContextTestExecutionListener, org.springframework.security.test.context.support.ReactorContextTestExecutionListener, org.springframework.boot.test.autoconfigure.restdocs.RestDocsTestExecutionListener, org.springframework.boot.test.autoconfigure.web.client.MockRestServiceServerResetTestExecutionListener, org.springframework.boot.test.autoconfigure.web.servlet.MockMvcPrintOnlyOnFailureTestExecutionListener, org.springframework.boot.test.autoconfigure.web.servlet.WebDriverTestExecutionListener, org.springframework.boot.test.mock.mockito.MockitoTestExecutionListener, org.springframework.boot.test.mock.mockito.ResetMocksTestExecutionListener, org.springframework.test.context.web.ServletTestExecutionListener, org.springframework.test.context.support.DirtiesContextBeforeModesTestExecutionListener, org.springframework.test.context.support.DependencyInjectionTestExecutionListener, org.springframework.test.context.support.DirtiesContextTestExecutionListener, org.springframework.test.context.transaction.TransactionalTestExecutionListener, org.springframework.test.context.jdbc.SqlScriptsTestExecutionListener]
2023-07-24 01:49:30.898  INFO 59072 --- [    Test worker] .b.t.c.SpringBootTestContextBootstrapper : Using TestExecutionListeners: [org.springframework.test.context.web.ServletTestExecutionListener@6879c56f, org.springframework.test.context.support.DirtiesContextBeforeModesTestExecutionListener@1c91f852, org.springframework.boot.test.mock.mockito.MockitoTestExecutionListener@779451fb, org.springframework.boot.test.autoconfigure.SpringBootDependencyInjectionTestExecutionListener@265f810, org.springframework.test.context.support.DirtiesContextTestExecutionListener@2411078e, org.springframework.test.context.transaction.TransactionalTestExecutionListener@37512836, org.springframework.test.context.jdbc.SqlScriptsTestExecutionListener@629facae, org.springframework.security.test.context.support.WithSecurityContextTestExecutionListener@4f977d95, org.springframework.security.test.context.support.ReactorContextTestExecutionListener@63963e9e, org.springframework.boot.test.autoconfigure.restdocs.RestDocsTestExecutionListener@5db8aa42, org.springframework.boot.test.autoconfigure.web.client.MockRestServiceServerResetTestExecutionListener@42dd9787, org.springframework.boot.test.autoconfigure.web.servlet.MockMvcPrintOnlyOnFailureTestExecutionListener@36d2319c, org.springframework.boot.test.autoconfigure.web.servlet.WebDriverTestExecutionListener@64e29b16, org.springframework.boot.test.mock.mockito.ResetMocksTestExecutionListener@7c10c772]

  .   ____          _            __ _ _
 /\\ / ___'_ __ _ _(_)_ __  __ _ \ \ \ \
( ( )\___ | '_ | '_| | '_ \/ _` | \ \ \ \
 \\/  ___)| |_)| | | | | || (_| |  ) ) ) )
  '  |____| .__|_| |_|_| |_\__, | / / / /
 =========|_|==============|___/=/_/_/_/
 :: Spring Boot ::        (v2.1.7.RELEASE)

2023-07-24 01:49:30.936  INFO 59072 --- [    Test worker] c.j.b.s.web.IndexControllerTest          : Starting IndexControllerTest on DESKTOP-MNAH8BK with PID 59072 (started by junseong in C:\Users\junseong\Desktop\study\AWS-webservice\freelec-springboot2-webservice)
2023-07-24 01:49:30.936  INFO 59072 --- [    Test worker] c.j.b.s.web.IndexControllerTest          : No active profile set, falling back to default profiles: default
2023-07-24 01:49:31.194  INFO 59072 --- [    Test worker] .s.d.r.c.RepositoryConfigurationDelegate : Bootstrapping Spring Data repositories in DEFAULT mode.
2023-07-24 01:49:31.224  INFO 59072 --- [    Test worker] .s.d.r.c.RepositoryConfigurationDelegate : Finished Spring Data repository scanning in 30ms. Found 2 repository interfaces.
2023-07-24 01:49:31.338  INFO 59072 --- [    Test worker] trationDelegate$BeanPostProcessorChecker : Bean 'org.springframework.transaction.annotation.ProxyTransactionManagementConfiguration' of type [org.springframework.transaction.annotation.ProxyTransactionManagementConfiguration$$EnhancerBySpringCGLIB$$256b2bae] is not eligible for getting processed by all BeanPostProcessors (for example: not eligible for auto-proxying)
2023-07-24 01:49:31.658  INFO 59072 --- [    Test worker] o.s.b.w.embedded.tomcat.TomcatWebServer  : Tomcat initialized with port(s): 0 (http)
2023-07-24 01:49:31.691  INFO 59072 --- [    Test worker] o.apache.catalina.core.StandardService   : Starting service [Tomcat]
2023-07-24 01:49:31.692  INFO 59072 --- [    Test worker] org.apache.catalina.core.StandardEngine  : Starting Servlet engine: [Apache Tomcat/9.0.22]
2023-07-24 01:49:31.941  INFO 59072 --- [    Test worker] o.a.c.c.C.[Tomcat].[localhost].[/]       : Initializing Spring embedded WebApplicationContext
2023-07-24 01:49:31.941  INFO 59072 --- [    Test worker] o.s.web.context.ContextLoader            : Root WebApplicationContext: initialization completed in 1003 ms
2023-07-24 01:49:32.140  INFO 59072 --- [    Test worker] com.zaxxer.hikari.HikariDataSource       : HikariPool-2 - Starting...
2023-07-24 01:49:32.141  INFO 59072 --- [    Test worker] com.zaxxer.hikari.HikariDataSource       : HikariPool-2 - Start completed.
2023-07-24 01:49:32.182  INFO 59072 --- [    Test worker] o.hibernate.jpa.internal.util.LogHelper  : HHH000204: Processing PersistenceUnitInfo [
	name: default
	...]
2023-07-24 01:49:32.197  INFO 59072 --- [    Test worker] org.hibernate.dialect.Dialect            : HHH000400: Using dialect: org.hibernate.dialect.MySQL5InnoDBDialect
Hibernate: drop table if exists posts
Hibernate: drop table if exists user
Hibernate: create table posts (id bigint not null auto_increment, created_date datetime, modified_date datetime, author varchar(255), content TEXT not null, title varchar(500) not null, primary key (id)) engine=InnoDB
Hibernate: create table user (id bigint not null auto_increment, created_date datetime, modified_date datetime, email varchar(255) not null, name varchar(255) not null, picture varchar(255), role varchar(255) not null, primary key (id)) engine=InnoDB
2023-07-24 01:49:32.265  INFO 59072 --- [    Test worker] o.h.t.schema.internal.SchemaCreatorImpl  : HHH000476: Executing import script 'org.hibernate.tool.schema.internal.exec.ScriptSourceInputNonExistentImpl@1cc59c45'
2023-07-24 01:49:32.265  INFO 59072 --- [    Test worker] j.LocalContainerEntityManagerFactoryBean : Initialized JPA EntityManagerFactory for persistence unit 'default'
2023-07-24 01:49:32.686  INFO 59072 --- [    Test worker] o.h.h.i.QueryTranslatorFactoryInitiator  : HHH000397: Using ASTQueryTranslatorFactory
2023-07-24 01:49:32.888  INFO 59072 --- [    Test worker] o.s.s.web.DefaultSecurityFilterChain     : Creating filter chain: any request, [org.springframework.security.web.context.request.async.WebAsyncManagerIntegrationFilter@6b509600, org.springframework.security.web.context.SecurityContextPersistenceFilter@1c7c197, org.springframework.security.web.header.HeaderWriterFilter@2bcb510f, org.springframework.security.web.authentication.logout.LogoutFilter@61979080, org.springframework.security.oauth2.client.web.OAuth2AuthorizationRequestRedirectFilter@3266434f, org.springframework.security.oauth2.client.web.OAuth2LoginAuthenticationFilter@39aaac57, org.springframework.security.web.authentication.ui.DefaultLoginPageGeneratingFilter@5e6329a2, org.springframework.security.web.authentication.ui.DefaultLogoutPageGeneratingFilter@14c4ea35, org.springframework.security.web.savedrequest.RequestCacheAwareFilter@193b5a61, org.springframework.security.web.servletapi.SecurityContextHolderAwareRequestFilter@68893360, org.springframework.security.web.authentication.AnonymousAuthenticationFilter@14b8bfd9, org.springframework.security.web.session.SessionManagementFilter@36801b88, org.springframework.security.web.access.ExceptionTranslationFilter@5759f7b1, org.springframework.security.web.access.intercept.FilterSecurityInterceptor@36f93245]
2023-07-24 01:49:33.089  INFO 59072 --- [    Test worker] o.s.s.concurrent.ThreadPoolTaskExecutor  : Initializing ExecutorService 'applicationTaskExecutor'
2023-07-24 01:49:33.100  WARN 59072 --- [    Test worker] aWebConfiguration$JpaWebMvcConfiguration : spring.jpa.open-in-view is enabled by default. Therefore, database queries may be performed during view rendering. Explicitly configure spring.jpa.open-in-view to disable this warning
2023-07-24 01:49:33.127  INFO 59072 --- [    Test worker] o.s.b.a.w.s.WelcomePageHandlerMapping    : Adding welcome page template: index
2023-07-24 01:49:33.497  INFO 59072 --- [    Test worker] s.a.ScheduledAnnotationBeanPostProcessor : No TaskScheduler/ScheduledExecutorService bean found for scheduled processing
2023-07-24 01:49:33.519  INFO 59072 --- [    Test worker] o.s.b.w.embedded.tomcat.TomcatWebServer  : Tomcat started on port(s): 64845 (http) with context path ''
2023-07-24 01:49:33.520  INFO 59072 --- [    Test worker] c.j.b.s.web.IndexControllerTest          : Started IndexControllerTest in 2.62 seconds (JVM running for 10.966)
2023-07-24 01:49:33.641  INFO 59072 --- [o-auto-1-exec-2] o.a.c.c.C.[Tomcat].[localhost].[/]       : Initializing Spring DispatcherServlet 'dispatcherServlet'
2023-07-24 01:49:33.642  INFO 59072 --- [o-auto-1-exec-2] o.s.web.servlet.DispatcherServlet        : Initializing Servlet 'dispatcherServlet'
2023-07-24 01:49:33.666  INFO 59072 --- [o-auto-1-exec-2] o.s.web.servlet.DispatcherServlet        : Completed initialization in 24 ms
Hibernate: select posts0_.id as id1_0_, posts0_.created_date as created_2_0_, posts0_.modified_date as modified3_0_, posts0_.author as author4_0_, posts0_.content as content5_0_, posts0_.title as title6_0_ from posts posts0_ order by posts0_.id DESC
]]></system-out>
  <system-err><![CDATA[]]></system-err>
</testsuite>
