<?xml version="1.0" encoding="UTF-8"?>
<testsuite name="com.jojoldu.book.springboot.web.HelloControllerTest" tests="2" skipped="0" failures="0" errors="0" timestamp="2023-07-23T16:49:30" hostname="DESKTOP-MNAH8BK" time="0.188">
  <properties/>
  <testcase name="hello가_리턴된다" classname="com.jojoldu.book.springboot.web.HelloControllerTest" time="0.069"/>
  <testcase name="helloDto가_리턴된다" classname="com.jojoldu.book.springboot.web.HelloControllerTest" time="0.118"/>
  <system-out><![CDATA[2023-07-24 01:49:29.518  INFO 59072 --- [    Test worker] .b.t.a.w.s.WebMvcTestContextBootstrapper : Neither @ContextConfiguration nor @ContextHierarchy found for test class [com.jojoldu.book.springboot.web.HelloControllerTest], using SpringBootContextLoader
2023-07-24 01:49:29.519  INFO 59072 --- [    Test worker] o.s.t.c.support.AbstractContextLoader    : Could not detect default resource locations for test class [com.jojoldu.book.springboot.web.HelloControllerTest]: no resource found for suffixes {-context.xml, Context.groovy}.
2023-07-24 01:49:29.520  INFO 59072 --- [    Test worker] t.c.s.AnnotationConfigContextLoaderUtils : Could not detect default configuration classes for test class [com.jojoldu.book.springboot.web.HelloControllerTest]: HelloControllerTest does not declare any static, non-private, non-final, nested classes annotated with @Configuration.
2023-07-24 01:49:29.551  INFO 59072 --- [    Test worker] .b.t.c.SpringBootTestContextBootstrapper : Found @SpringBootConfiguration com.jojoldu.book.springboot.Application for test class com.jojoldu.book.springboot.web.HelloControllerTest
2023-07-24 01:49:29.552  INFO 59072 --- [    Test worker] .b.t.a.w.s.WebMvcTestContextBootstrapper : Loaded default TestExecutionListener class names from location [META-INF/spring.factories]: [org.springframework.security.test.context.support.WithSecurityContextTestExecutionListener, org.springframework.security.test.context.support.ReactorContextTestExecutionListener, org.springframework.boot.test.autoconfigure.restdocs.RestDocsTestExecutionListener, org.springframework.boot.test.autoconfigure.web.client.MockRestServiceServerResetTestExecutionListener, org.springframework.boot.test.autoconfigure.web.servlet.MockMvcPrintOnlyOnFailureTestExecutionListener, org.springframework.boot.test.autoconfigure.web.servlet.WebDriverTestExecutionListener, org.springframework.boot.test.mock.mockito.MockitoTestExecutionListener, org.springframework.boot.test.mock.mockito.ResetMocksTestExecutionListener, org.springframework.test.context.web.ServletTestExecutionListener, org.springframework.test.context.support.DirtiesContextBeforeModesTestExecutionListener, org.springframework.test.context.support.DependencyInjectionTestExecutionListener, org.springframework.test.context.support.DirtiesContextTestExecutionListener, org.springframework.test.context.transaction.TransactionalTestExecutionListener, org.springframework.test.context.jdbc.SqlScriptsTestExecutionListener]
2023-07-24 01:49:29.553  INFO 59072 --- [    Test worker] .b.t.a.w.s.WebMvcTestContextBootstrapper : Using TestExecutionListeners: [org.springframework.test.context.web.ServletTestExecutionListener@4af9488e, org.springframework.test.context.support.DirtiesContextBeforeModesTestExecutionListener@31169b3, org.springframework.boot.test.mock.mockito.MockitoTestExecutionListener@1a319902, org.springframework.boot.test.autoconfigure.SpringBootDependencyInjectionTestExecutionListener@a3af91, org.springframework.test.context.support.DirtiesContextTestExecutionListener@9e3a33, org.springframework.test.context.transaction.TransactionalTestExecutionListener@8ca9762, org.springframework.test.context.jdbc.SqlScriptsTestExecutionListener@1e25e6f0, org.springframework.security.test.context.support.WithSecurityContextTestExecutionListener@3671d82, org.springframework.security.test.context.support.ReactorContextTestExecutionListener@72d9e07f, org.springframework.boot.test.autoconfigure.restdocs.RestDocsTestExecutionListener@2ef418c1, org.springframework.boot.test.autoconfigure.web.client.MockRestServiceServerResetTestExecutionListener@1fd76989, org.springframework.boot.test.autoconfigure.web.servlet.MockMvcPrintOnlyOnFailureTestExecutionListener@24e7ecfc, org.springframework.boot.test.autoconfigure.web.servlet.WebDriverTestExecutionListener@19803a07, org.springframework.boot.test.mock.mockito.ResetMocksTestExecutionListener@173c1be6]

  .   ____          _            __ _ _
 /\\ / ___'_ __ _ _(_)_ __  __ _ \ \ \ \
( ( )\___ | '_ | '_| | '_ \/ _` | \ \ \ \
 \\/  ___)| |_)| | | | | || (_| |  ) ) ) )
  '  |____| .__|_| |_|_| |_\__, | / / / /
 =========|_|==============|___/=/_/_/_/
 :: Spring Boot ::        (v2.1.7.RELEASE)

2023-07-24 01:49:29.593  INFO 59072 --- [    Test worker] c.j.b.s.web.HelloControllerTest          : Starting HelloControllerTest on DESKTOP-MNAH8BK with PID 59072 (started by junseong in C:\Users\junseong\Desktop\study\AWS-webservice\freelec-springboot2-webservice)
2023-07-24 01:49:29.594  INFO 59072 --- [    Test worker] c.j.b.s.web.HelloControllerTest          : No active profile set, falling back to default profiles: default
2023-07-24 01:49:30.167  INFO 59072 --- [    Test worker] o.s.s.concurrent.ThreadPoolTaskExecutor  : Initializing ExecutorService 'applicationTaskExecutor'
2023-07-24 01:49:30.201  INFO 59072 --- [    Test worker] o.s.b.a.w.s.WelcomePageHandlerMapping    : Adding welcome page template: index
2023-07-24 01:49:30.437  INFO 59072 --- [    Test worker] .s.s.UserDetailsServiceAutoConfiguration : 

Using generated security password: d1bd59f4-2672-4786-8606-655459f03961

2023-07-24 01:49:30.602  INFO 59072 --- [    Test worker] o.s.s.web.DefaultSecurityFilterChain     : Creating filter chain: any request, [org.springframework.security.web.context.request.async.WebAsyncManagerIntegrationFilter@35337780, org.springframework.security.web.context.SecurityContextPersistenceFilter@29bc8103, org.springframework.security.web.header.HeaderWriterFilter@45e79f5f, org.springframework.security.web.csrf.CsrfFilter@2f343e6f, org.springframework.security.web.authentication.logout.LogoutFilter@35703427, org.springframework.security.web.authentication.UsernamePasswordAuthenticationFilter@5ab9f81e, org.springframework.security.web.authentication.ui.DefaultLoginPageGeneratingFilter@2206a336, org.springframework.security.web.authentication.ui.DefaultLogoutPageGeneratingFilter@1f996027, org.springframework.security.web.authentication.www.BasicAuthenticationFilter@7be4fdd7, org.springframework.security.web.savedrequest.RequestCacheAwareFilter@60c188ae, org.springframework.security.web.servletapi.SecurityContextHolderAwareRequestFilter@19a5fe8e, org.springframework.security.web.authentication.AnonymousAuthenticationFilter@434f3c46, org.springframework.security.web.session.SessionManagementFilter@4bae16ca, org.springframework.security.web.access.ExceptionTranslationFilter@60753832, org.springframework.security.web.access.intercept.FilterSecurityInterceptor@39d73cc6]
2023-07-24 01:49:30.644  INFO 59072 --- [    Test worker] o.s.b.t.m.w.SpringBootMockServletContext : Initializing Spring TestDispatcherServlet ''
2023-07-24 01:49:30.644  INFO 59072 --- [    Test worker] o.s.t.web.servlet.TestDispatcherServlet  : Initializing Servlet ''
2023-07-24 01:49:30.659  INFO 59072 --- [    Test worker] o.s.t.web.servlet.TestDispatcherServlet  : Completed initialization in 15 ms
2023-07-24 01:49:30.697  INFO 59072 --- [    Test worker] c.j.b.s.web.HelloControllerTest          : Started HelloControllerTest in 1.141 seconds (JVM running for 8.143)
]]></system-out>
  <system-err><![CDATA[]]></system-err>
</testsuite>
