<?xml version="1.0" encoding="UTF-8"?>
<testsuite name="com.jojoldu.book.springboot.web.HelloControllerTest" tests="2" skipped="0" failures="0" errors="0" timestamp="2023-07-23T15:29:31" hostname="DESKTOP-MNAH8BK" time="0.164">
  <properties/>
  <testcase name="hello가_리턴된다" classname="com.jojoldu.book.springboot.web.HelloControllerTest" time="0.078"/>
  <testcase name="helloDto가_리턴된다" classname="com.jojoldu.book.springboot.web.HelloControllerTest" time="0.086"/>
  <system-out><![CDATA[2023-07-24 00:29:30.698  INFO 46760 --- [    Test worker] .b.t.a.w.s.WebMvcTestContextBootstrapper : Neither @ContextConfiguration nor @ContextHierarchy found for test class [com.jojoldu.book.springboot.web.HelloControllerTest], using SpringBootContextLoader
2023-07-24 00:29:30.700  INFO 46760 --- [    Test worker] o.s.t.c.support.AbstractContextLoader    : Could not detect default resource locations for test class [com.jojoldu.book.springboot.web.HelloControllerTest]: no resource found for suffixes {-context.xml, Context.groovy}.
2023-07-24 00:29:30.700  INFO 46760 --- [    Test worker] t.c.s.AnnotationConfigContextLoaderUtils : Could not detect default configuration classes for test class [com.jojoldu.book.springboot.web.HelloControllerTest]: HelloControllerTest does not declare any static, non-private, non-final, nested classes annotated with @Configuration.
2023-07-24 00:29:30.729  INFO 46760 --- [    Test worker] .b.t.c.SpringBootTestContextBootstrapper : Found @SpringBootConfiguration com.jojoldu.book.springboot.Application for test class com.jojoldu.book.springboot.web.HelloControllerTest
2023-07-24 00:29:30.730  INFO 46760 --- [    Test worker] .b.t.a.w.s.WebMvcTestContextBootstrapper : Loaded default TestExecutionListener class names from location [META-INF/spring.factories]: [org.springframework.security.test.context.support.WithSecurityContextTestExecutionListener, org.springframework.security.test.context.support.ReactorContextTestExecutionListener, org.springframework.boot.test.autoconfigure.restdocs.RestDocsTestExecutionListener, org.springframework.boot.test.autoconfigure.web.client.MockRestServiceServerResetTestExecutionListener, org.springframework.boot.test.autoconfigure.web.servlet.MockMvcPrintOnlyOnFailureTestExecutionListener, org.springframework.boot.test.autoconfigure.web.servlet.WebDriverTestExecutionListener, org.springframework.boot.test.mock.mockito.MockitoTestExecutionListener, org.springframework.boot.test.mock.mockito.ResetMocksTestExecutionListener, org.springframework.test.context.web.ServletTestExecutionListener, org.springframework.test.context.support.DirtiesContextBeforeModesTestExecutionListener, org.springframework.test.context.support.DependencyInjectionTestExecutionListener, org.springframework.test.context.support.DirtiesContextTestExecutionListener, org.springframework.test.context.transaction.TransactionalTestExecutionListener, org.springframework.test.context.jdbc.SqlScriptsTestExecutionListener]
2023-07-24 00:29:30.731  INFO 46760 --- [    Test worker] .b.t.a.w.s.WebMvcTestContextBootstrapper : Using TestExecutionListeners: [org.springframework.test.context.web.ServletTestExecutionListener@2862f879, org.springframework.test.context.support.DirtiesContextBeforeModesTestExecutionListener@2f9cf004, org.springframework.boot.test.mock.mockito.MockitoTestExecutionListener@4192f43e, org.springframework.boot.test.autoconfigure.SpringBootDependencyInjectionTestExecutionListener@245c0e3a, org.springframework.test.context.support.DirtiesContextTestExecutionListener@1b429bf8, org.springframework.test.context.transaction.TransactionalTestExecutionListener@53164444, org.springframework.test.context.jdbc.SqlScriptsTestExecutionListener@573691c, org.springframework.security.test.context.support.WithSecurityContextTestExecutionListener@419a8a56, org.springframework.security.test.context.support.ReactorContextTestExecutionListener@4e8844c6, org.springframework.boot.test.autoconfigure.restdocs.RestDocsTestExecutionListener@2fdd0d37, org.springframework.boot.test.autoconfigure.web.client.MockRestServiceServerResetTestExecutionListener@31f8aa59, org.springframework.boot.test.autoconfigure.web.servlet.MockMvcPrintOnlyOnFailureTestExecutionListener@24a54e0a, org.springframework.boot.test.autoconfigure.web.servlet.WebDriverTestExecutionListener@2887902c, org.springframework.boot.test.mock.mockito.ResetMocksTestExecutionListener@6f7484be]

  .   ____          _            __ _ _
 /\\ / ___'_ __ _ _(_)_ __  __ _ \ \ \ \
( ( )\___ | '_ | '_| | '_ \/ _` | \ \ \ \
 \\/  ___)| |_)| | | | | || (_| |  ) ) ) )
  '  |____| .__|_| |_|_| |_\__, | / / / /
 =========|_|==============|___/=/_/_/_/
 :: Spring Boot ::        (v2.1.7.RELEASE)

2023-07-24 00:29:30.766  INFO 46760 --- [    Test worker] c.j.b.s.web.HelloControllerTest          : Starting HelloControllerTest on DESKTOP-MNAH8BK with PID 46760 (started by junseong in C:\Users\junseong\Desktop\study\AWS-webservice\freelec-springboot2-webservice)
2023-07-24 00:29:30.766  INFO 46760 --- [    Test worker] c.j.b.s.web.HelloControllerTest          : No active profile set, falling back to default profiles: default
2023-07-24 00:29:31.201  INFO 46760 --- [    Test worker] o.s.s.concurrent.ThreadPoolTaskExecutor  : Initializing ExecutorService 'applicationTaskExecutor'
2023-07-24 00:29:31.239  INFO 46760 --- [    Test worker] o.s.b.a.w.s.WelcomePageHandlerMapping    : Adding welcome page template: index
2023-07-24 00:29:31.468  INFO 46760 --- [    Test worker] .s.s.UserDetailsServiceAutoConfiguration : 

Using generated security password: 2608d068-b841-4841-a20f-0f8ed85772f1

2023-07-24 00:29:31.641  INFO 46760 --- [    Test worker] o.s.s.web.DefaultSecurityFilterChain     : Creating filter chain: any request, [org.springframework.security.web.context.request.async.WebAsyncManagerIntegrationFilter@45e79f5f, org.springframework.security.web.context.SecurityContextPersistenceFilter@7bff5644, org.springframework.security.web.header.HeaderWriterFilter@3106e6f4, org.springframework.security.web.csrf.CsrfFilter@58b4c1f4, org.springframework.security.web.authentication.logout.LogoutFilter@77539677, org.springframework.security.web.authentication.UsernamePasswordAuthenticationFilter@63272972, org.springframework.security.web.authentication.ui.DefaultLoginPageGeneratingFilter@4bb311e0, org.springframework.security.web.authentication.ui.DefaultLogoutPageGeneratingFilter@4bae16ca, org.springframework.security.web.authentication.www.BasicAuthenticationFilter@7502ee42, org.springframework.security.web.savedrequest.RequestCacheAwareFilter@1bc345e7, org.springframework.security.web.servletapi.SecurityContextHolderAwareRequestFilter@1df4312d, org.springframework.security.web.authentication.AnonymousAuthenticationFilter@29bc8103, org.springframework.security.web.session.SessionManagementFilter@4fc33a41, org.springframework.security.web.access.ExceptionTranslationFilter@2558a09c, org.springframework.security.web.access.intercept.FilterSecurityInterceptor@2271ef85]
2023-07-24 00:29:31.691  INFO 46760 --- [    Test worker] o.s.b.t.m.w.SpringBootMockServletContext : Initializing Spring TestDispatcherServlet ''
2023-07-24 00:29:31.691  INFO 46760 --- [    Test worker] o.s.t.web.servlet.TestDispatcherServlet  : Initializing Servlet ''
2023-07-24 00:29:31.708  INFO 46760 --- [    Test worker] o.s.t.web.servlet.TestDispatcherServlet  : Completed initialization in 17 ms
2023-07-24 00:29:31.737  INFO 46760 --- [    Test worker] c.j.b.s.web.HelloControllerTest          : Started HelloControllerTest in 1.002 seconds (JVM running for 7.994)
]]></system-out>
  <system-err><![CDATA[]]></system-err>
</testsuite>
