<?xml version="1.0" encoding="UTF-8"?>
<testsuite name="com.jojoldu.book.springboot.web.HelloControllerTest" tests="2" skipped="0" failures="0" errors="0" timestamp="2023-07-23T10:29:21" hostname="DESKTOP-MNAH8BK" time="0.265">
  <properties/>
  <testcase name="hello가_리턴된다" classname="com.jojoldu.book.springboot.web.HelloControllerTest" time="0.112"/>
  <testcase name="helloDto가_리턴된다" classname="com.jojoldu.book.springboot.web.HelloControllerTest" time="0.152"/>
  <system-out><![CDATA[2023-07-23 19:29:19.501  INFO 54568 --- [    Test worker] .b.t.a.w.s.WebMvcTestContextBootstrapper : Neither @ContextConfiguration nor @ContextHierarchy found for test class [com.jojoldu.book.springboot.web.HelloControllerTest], using SpringBootContextLoader
2023-07-23 19:29:19.503  INFO 54568 --- [    Test worker] o.s.t.c.support.AbstractContextLoader    : Could not detect default resource locations for test class [com.jojoldu.book.springboot.web.HelloControllerTest]: no resource found for suffixes {-context.xml, Context.groovy}.
2023-07-23 19:29:19.503  INFO 54568 --- [    Test worker] t.c.s.AnnotationConfigContextLoaderUtils : Could not detect default configuration classes for test class [com.jojoldu.book.springboot.web.HelloControllerTest]: HelloControllerTest does not declare any static, non-private, non-final, nested classes annotated with @Configuration.
2023-07-23 19:29:19.543  INFO 54568 --- [    Test worker] .b.t.c.SpringBootTestContextBootstrapper : Found @SpringBootConfiguration com.jojoldu.book.springboot.Application for test class com.jojoldu.book.springboot.web.HelloControllerTest
2023-07-23 19:29:19.544  INFO 54568 --- [    Test worker] .b.t.a.w.s.WebMvcTestContextBootstrapper : Loaded default TestExecutionListener class names from location [META-INF/spring.factories]: [org.springframework.security.test.context.support.WithSecurityContextTestExecutionListener, org.springframework.security.test.context.support.ReactorContextTestExecutionListener, org.springframework.boot.test.autoconfigure.restdocs.RestDocsTestExecutionListener, org.springframework.boot.test.autoconfigure.web.client.MockRestServiceServerResetTestExecutionListener, org.springframework.boot.test.autoconfigure.web.servlet.MockMvcPrintOnlyOnFailureTestExecutionListener, org.springframework.boot.test.autoconfigure.web.servlet.WebDriverTestExecutionListener, org.springframework.boot.test.mock.mockito.MockitoTestExecutionListener, org.springframework.boot.test.mock.mockito.ResetMocksTestExecutionListener, org.springframework.test.context.web.ServletTestExecutionListener, org.springframework.test.context.support.DirtiesContextBeforeModesTestExecutionListener, org.springframework.test.context.support.DependencyInjectionTestExecutionListener, org.springframework.test.context.support.DirtiesContextTestExecutionListener, org.springframework.test.context.transaction.TransactionalTestExecutionListener, org.springframework.test.context.jdbc.SqlScriptsTestExecutionListener]
2023-07-23 19:29:19.547  INFO 54568 --- [    Test worker] .b.t.a.w.s.WebMvcTestContextBootstrapper : Using TestExecutionListeners: [org.springframework.test.context.web.ServletTestExecutionListener@6cb452cd, org.springframework.test.context.support.DirtiesContextBeforeModesTestExecutionListener@64f20efb, org.springframework.boot.test.mock.mockito.MockitoTestExecutionListener@70bdb5c1, org.springframework.boot.test.autoconfigure.SpringBootDependencyInjectionTestExecutionListener@52226e04, org.springframework.test.context.support.DirtiesContextTestExecutionListener@1cce6cb7, org.springframework.test.context.transaction.TransactionalTestExecutionListener@68bf3c03, org.springframework.test.context.jdbc.SqlScriptsTestExecutionListener@75b18f68, org.springframework.security.test.context.support.WithSecurityContextTestExecutionListener@34228d94, org.springframework.security.test.context.support.ReactorContextTestExecutionListener@5be6f473, org.springframework.boot.test.autoconfigure.restdocs.RestDocsTestExecutionListener@4aa88428, org.springframework.boot.test.autoconfigure.web.client.MockRestServiceServerResetTestExecutionListener@331b88da, org.springframework.boot.test.autoconfigure.web.servlet.MockMvcPrintOnlyOnFailureTestExecutionListener@1375ed00, org.springframework.boot.test.autoconfigure.web.servlet.WebDriverTestExecutionListener@7f5cc671, org.springframework.boot.test.mock.mockito.ResetMocksTestExecutionListener@71db8476]

  .   ____          _            __ _ _
 /\\ / ___'_ __ _ _(_)_ __  __ _ \ \ \ \
( ( )\___ | '_ | '_| | '_ \/ _` | \ \ \ \
 \\/  ___)| |_)| | | | | || (_| |  ) ) ) )
  '  |____| .__|_| |_|_| |_\__, | / / / /
 =========|_|==============|___/=/_/_/_/
 :: Spring Boot ::        (v2.1.7.RELEASE)

2023-07-23 19:29:19.617  INFO 54568 --- [    Test worker] c.j.b.s.web.HelloControllerTest          : Starting HelloControllerTest on DESKTOP-MNAH8BK with PID 54568 (started by junseong in C:\Users\junseong\Desktop\study\AWS-webservice\freelec-springboot2-webservice)
2023-07-23 19:29:19.618  INFO 54568 --- [    Test worker] c.j.b.s.web.HelloControllerTest          : No active profile set, falling back to default profiles: default
2023-07-23 19:29:20.342  INFO 54568 --- [    Test worker] o.s.s.concurrent.ThreadPoolTaskExecutor  : Initializing ExecutorService 'applicationTaskExecutor'
2023-07-23 19:29:20.389  INFO 54568 --- [    Test worker] o.s.b.a.w.s.WelcomePageHandlerMapping    : Adding welcome page template: index
2023-07-23 19:29:20.715  INFO 54568 --- [    Test worker] .s.s.UserDetailsServiceAutoConfiguration : 

Using generated security password: 2574b7d0-2bf4-4fb6-8183-9af7fe51a741

2023-07-23 19:29:20.905  INFO 54568 --- [    Test worker] o.s.s.web.DefaultSecurityFilterChain     : Creating filter chain: any request, [org.springframework.security.web.context.request.async.WebAsyncManagerIntegrationFilter@a335200, org.springframework.security.web.context.SecurityContextPersistenceFilter@656d6c17, org.springframework.security.web.header.HeaderWriterFilter@3edf8f84, org.springframework.security.web.csrf.CsrfFilter@4a27bb4b, org.springframework.security.web.authentication.logout.LogoutFilter@6b92ffac, org.springframework.security.web.authentication.UsernamePasswordAuthenticationFilter@7ba78c37, org.springframework.security.web.authentication.ui.DefaultLoginPageGeneratingFilter@2fd3da4d, org.springframework.security.web.authentication.ui.DefaultLogoutPageGeneratingFilter@37af4923, org.springframework.security.web.authentication.www.BasicAuthenticationFilter@20faa5b2, org.springframework.security.web.savedrequest.RequestCacheAwareFilter@83582f3, org.springframework.security.web.servletapi.SecurityContextHolderAwareRequestFilter@4ad48fde, org.springframework.security.web.authentication.AnonymousAuthenticationFilter@420dad51, org.springframework.security.web.session.SessionManagementFilter@495586f7, org.springframework.security.web.access.ExceptionTranslationFilter@40d370e, org.springframework.security.web.access.intercept.FilterSecurityInterceptor@33446827]
2023-07-23 19:29:20.946  INFO 54568 --- [    Test worker] o.s.b.t.m.w.SpringBootMockServletContext : Initializing Spring TestDispatcherServlet ''
2023-07-23 19:29:20.946  INFO 54568 --- [    Test worker] o.s.t.web.servlet.TestDispatcherServlet  : Initializing Servlet ''
2023-07-23 19:29:20.965  INFO 54568 --- [    Test worker] o.s.t.web.servlet.TestDispatcherServlet  : Completed initialization in 19 ms
2023-07-23 19:29:21.004  INFO 54568 --- [    Test worker] c.j.b.s.web.HelloControllerTest          : Started HelloControllerTest in 1.454 seconds (JVM running for 9.895)
]]></system-out>
  <system-err><![CDATA[]]></system-err>
</testsuite>
